#
# There is insufficient memory for the Java Runtime Environment to continue.
# Native memory allocation (malloc) failed to allocate 458144 bytes for Chunk::new
# Possible reasons:
#   The system is out of physical RAM or swap space
#   The process is running with CompressedOops enabled, and the Java Heap may be blocking the growth of the native heap
# Possible solutions:
#   Reduce memory load on the system
#   Increase physical memory or swap space
#   Check if swap backing store is full
#   Decrease Java heap size (-Xmx/-Xms)
#   Decrease number of Java threads
#   Decrease Java thread stack sizes (-Xss)
#   Set larger code cache with -XX:ReservedCodeCacheSize=
#   JVM is running with Zero Based Compressed Oops mode in which the Java heap is
#     placed in the first 32GB address space. The Java Heap base address is the
#     maximum limit for the native heap growth. Please use -XX:HeapBaseMinAddress
#     to set the Java Heap base and to place the Java Heap above 32GB virtual address.
# This output file may be truncated or incomplete.
#
#  Out of Memory Error (arena.cpp:189), pid=11592, tid=17256
#
# JRE version: Java(TM) SE Runtime Environment (17.0.7+8) (build 17.0.7+8-LTS-224)
# Java VM: Java HotSpot(TM) 64-Bit Server VM (17.0.7+8-LTS-224, mixed mode, sharing, tiered, compressed oops, compressed class ptrs, g1 gc, windows-amd64)
# No core dump will be written. Minidumps are not enabled by default on client versions of Windows
#

---------------  S U M M A R Y ------------

Command Line: -XX:MaxMetaspaceSize=2G -XX:+HeapDumpOnOutOfMemoryError --add-opens=java.base/java.util=ALL-UNNAMED --add-opens=java.base/java.lang=ALL-UNNAMED --add-opens=java.base/java.lang.invoke=ALL-UNNAMED --add-opens=java.prefs/java.util.prefs=ALL-UNNAMED --add-opens=java.base/java.nio.charset=ALL-UNNAMED --add-opens=java.base/java.net=ALL-UNNAMED --add-opens=java.base/java.util.concurrent.atomic=ALL-UNNAMED -Xmx4G -Dfile.encoding=utf8 -Duser.country=IN -Duser.language=en -Duser.variant -javaagent:C:\Users\hp\.gradle\wrapper\dists\gradle-8.3-all\6en3ugtfdg5xnpx44z4qbwgas\gradle-8.3\lib\agents\gradle-instrumentation-agent-8.3.jar org.gradle.launcher.daemon.bootstrap.GradleDaemon 8.3

Host: 11th Gen Intel(R) Core(TM) i5-1155G7 @ 2.50GHz, 8 cores, 7G,  Windows 11 , 64 bit Build 27695 (10.0.27695.1000)
Time: Mon Sep 16 21:11:44 2024 India Standard Time elapsed time: 73.911526 seconds (0d 0h 1m 13s)

---------------  T H R E A D  ---------------

Current thread (0x000000c8cac042a0):  JavaThread "C2 CompilerThread0" daemon [_thread_in_native, id=17256, stack(0x000000c8cbe00000,0x000000c8cbf00000)]


Current CompileTask:
C2:  73911 12137       4       org.gradle.internal.logging.text.AbstractLineChoppingStyledTextOutput::doAppend (43 bytes)

Stack: [0x000000c8cbe00000,0x000000c8cbf00000]
Native frames: (J=compiled Java code, j=interpreted, Vv=VM code, C=native code)
V  [jvm.dll+0x676a4a]
V  [jvm.dll+0x7d74f4]
V  [jvm.dll+0x7d8c9e]
V  [jvm.dll+0x7d9303]
V  [jvm.dll+0x2452c5]
V  [jvm.dll+0xaaa2b]
V  [jvm.dll+0xaafcc]
V  [jvm.dll+0x36141e]
V  [jvm.dll+0x1bb55a]
V  [jvm.dll+0x217c27]
V  [jvm.dll+0x216f01]
V  [jvm.dll+0x1a35e0]
V  [jvm.dll+0x226a6e]
V  [jvm.dll+0x224e15]
V  [jvm.dll+0x78d05c]
V  [jvm.dll+0x78759a]
V  [jvm.dll+0x675875]
C  [ucrtbase.dll+0x1cd10]
C  [KERNEL32.DLL+0x35767]
C  [ntdll.dll+0x623ec]


---------------  P R O C E S S  ---------------

Threads class SMR info:
_java_thread_list=0x000000c8d445b330, length=81, elements={
0x000000c8afca5cf0, 0x000000c8cabe5cc0, 0x000000c8cabe72f0, 0x000000c8cabfca50,
0x000000c8cabfde80, 0x000000c8cabfe740, 0x000000c8cac05860, 0x000000c8cac042a0,
0x000000c8cbf41400, 0x000000c8cbf4ee10, 0x000000c8cabd0a70, 0x000000c8cc0bbf10,
0x000000c8cf49e1a0, 0x000000c8cdfdf010, 0x000000c8cd660ad0, 0x000000c8ce7801c0,
0x000000c8cf008830, 0x000000c8ceb72600, 0x000000c8ceb72ad0, 0x000000c8cbf1a1a0,
0x000000c8cbf18990, 0x000000c8cbf184c0, 0x000000c8cbf1b4e0, 0x000000c8cbf19cd0,
0x000000c8cbf1b9b0, 0x000000c8cbf18e60, 0x000000c8cbf19330, 0x000000c8cbf19800,
0x000000c8cbf1be80, 0x000000c8cbf1a670, 0x000000c8cbf1ab40, 0x000000c8d0029080,
0x000000c8d002a3c0, 0x000000c8d0028210, 0x000000c8d0029ef0, 0x000000c8d0029a20,
0x000000c8d002a890, 0x000000c8d0027870, 0x000000c8d002b700, 0x000000c8d0027d40,
0x000000c8d002bbd0, 0x000000c8d002c0a0, 0x000000c8d00286e0, 0x000000c8d0028bb0,
0x000000c8d002e720, 0x000000c8d002dd80, 0x000000c8d002e250, 0x000000c8d002ebf0,
0x000000c8d47e7000, 0x000000c8d47e6190, 0x000000c8d47e74d0, 0x000000c8d47e5cc0,
0x000000c8d47e6660, 0x000000c8d47e4980, 0x000000c8d47e5320, 0x000000c8d47e4e50,
0x000000c8d47e6b30, 0x000000c8d47e3fe0, 0x000000c8d47e57f0, 0x000000c8d47e79a0,
0x000000c8d47e8340, 0x000000c8d47eb360, 0x000000c8d47e8810, 0x000000c8d47ea9c0,
0x000000c8d47eb830, 0x000000c8d47e91b0, 0x000000c8d47ea020, 0x000000c8d47e8ce0,
0x000000c8d47eae90, 0x000000c8d4040740, 0x000000c8d4040270, 0x000000c8d4040c10,
0x000000c8d403f400, 0x000000c8d40410e0, 0x000000c8d403f8d0, 0x000000c8d40428f0,
0x000000c8d403fda0, 0x000000c8d4044f70, 0x000000c8d4044aa0, 0x000000c8d4045440,
0x000000c8cf0ce3d0
}

Java Threads: ( => current thread )
  0x000000c8afca5cf0 JavaThread "main" [_thread_blocked, id=15820, stack(0x000000c8afae0000,0x000000c8afbe0000)]
  0x000000c8cabe5cc0 JavaThread "Reference Handler" daemon [_thread_blocked, id=19604, stack(0x000000c8cb800000,0x000000c8cb900000)]
  0x000000c8cabe72f0 JavaThread "Finalizer" daemon [_thread_blocked, id=8044, stack(0x000000c8cb900000,0x000000c8cba00000)]
  0x000000c8cabfca50 JavaThread "Signal Dispatcher" daemon [_thread_blocked, id=16956, stack(0x000000c8cba00000,0x000000c8cbb00000)]
  0x000000c8cabfde80 JavaThread "Attach Listener" daemon [_thread_blocked, id=2960, stack(0x000000c8cbb00000,0x000000c8cbc00000)]
  0x000000c8cabfe740 JavaThread "Service Thread" daemon [_thread_blocked, id=8392, stack(0x000000c8cbc00000,0x000000c8cbd00000)]
  0x000000c8cac05860 JavaThread "Monitor Deflation Thread" daemon [_thread_blocked, id=17692, stack(0x000000c8cbd00000,0x000000c8cbe00000)]
=>0x000000c8cac042a0 JavaThread "C2 CompilerThread0" daemon [_thread_in_native, id=17256, stack(0x000000c8cbe00000,0x000000c8cbf00000)]
  0x000000c8cbf41400 JavaThread "C1 CompilerThread0" daemon [_thread_blocked, id=18984, stack(0x000000c8cc300000,0x000000c8cc400000)]
  0x000000c8cbf4ee10 JavaThread "Sweeper thread" daemon [_thread_blocked, id=18672, stack(0x000000c8cc400000,0x000000c8cc500000)]
  0x000000c8cabd0a70 JavaThread "Common-Cleaner" daemon [_thread_blocked, id=20256, stack(0x000000c8cc500000,0x000000c8cc600000)]
  0x000000c8cc0bbf10 JavaThread "Notification Thread" daemon [_thread_blocked, id=16592, stack(0x000000c8cc600000,0x000000c8cc700000)]
  0x000000c8cf49e1a0 JavaThread "Daemon health stats" [_thread_blocked, id=17904, stack(0x000000c8d0470000,0x000000c8d0570000)]
  0x000000c8cdfdf010 JavaThread "Incoming local TCP Connector on port 51637" [_thread_in_native, id=6740, stack(0x000000c8ce3d0000,0x000000c8ce4d0000)]
  0x000000c8cd660ad0 JavaThread "Daemon periodic checks" [_thread_blocked, id=19856, stack(0x000000c8d0570000,0x000000c8d0670000)]
  0x000000c8ce7801c0 JavaThread "Daemon" [_thread_blocked, id=19904, stack(0x000000c8d0670000,0x000000c8d0770000)]
  0x000000c8cf008830 JavaThread "Handler for socket connection from /127.0.0.1:51637 to /127.0.0.1:51638" [_thread_in_native, id=20176, stack(0x000000c8d1100000,0x000000c8d1200000)]
  0x000000c8ceb72600 JavaThread "Cancel handler" [_thread_blocked, id=9012, stack(0x000000c8d1200000,0x000000c8d1300000)]
  0x000000c8ceb72ad0 JavaThread "Daemon worker" [_thread_blocked, id=19536, stack(0x000000c8d1300000,0x000000c8d1400000)]
  0x000000c8cbf1a1a0 JavaThread "Asynchronous log dispatcher for DefaultDaemonConnection: socket connection from /127.0.0.1:51637 to /127.0.0.1:51638" [_thread_blocked, id=14200, stack(0x000000c8d1400000,0x000000c8d1500000)]
  0x000000c8cbf18990 JavaThread "Daemon client event forwarder" [_thread_blocked, id=11716, stack(0x000000c8d1600000,0x000000c8d1700000)]
  0x000000c8cbf184c0 JavaThread "Cache worker for journal cache (C:\Users\hp\.gradle\caches\journal-1)" [_thread_blocked, id=20024, stack(0x000000c8d1700000,0x000000c8d1800000)]
  0x000000c8cbf1b4e0 JavaThread "File lock request listener" [_thread_in_native, id=14744, stack(0x000000c8d1800000,0x000000c8d1900000)]
  0x000000c8cbf19cd0 JavaThread "Cache worker for file hash cache (C:\Users\hp\.gradle\caches\8.3\fileHashes)" [_thread_blocked, id=17100, stack(0x000000c8d1c00000,0x000000c8d1d00000)]
  0x000000c8cbf1b9b0 JavaThread "File watcher server" daemon [_thread_in_native, id=13016, stack(0x000000c8d1e00000,0x000000c8d1f00000)]
  0x000000c8cbf18e60 JavaThread "File watcher consumer" daemon [_thread_blocked, id=20148, stack(0x000000c8d1f00000,0x000000c8d2000000)]
  0x000000c8cbf19330 JavaThread "jar transforms" [_thread_blocked, id=1644, stack(0x000000c8d37d0000,0x000000c8d38d0000)]
  0x000000c8cbf19800 JavaThread "jar transforms Thread 2" [_thread_blocked, id=19660, stack(0x000000c8d38d0000,0x000000c8d39d0000)]
  0x000000c8cbf1be80 JavaThread "jar transforms Thread 3" [_thread_blocked, id=7292, stack(0x000000c8d39d0000,0x000000c8d3ad0000)]
  0x000000c8cbf1a670 JavaThread "Cache worker for checksums cache (D:\VINEET\Flutter Project\Apps\my_app_1\android\.gradle\8.3\checksums)" [_thread_blocked, id=15444, stack(0x000000c8d4ca0000,0x000000c8d4da0000)]
  0x000000c8cbf1ab40 JavaThread "Cache worker for file hash cache (D:\VINEET\Flutter Project\Apps\my_app_1\android\.gradle\8.3\fileHashes)" [_thread_blocked, id=19312, stack(0x000000c8d4da0000,0x000000c8d4ea0000)]
  0x000000c8d0029080 JavaThread "Cache worker for cache directory md-supplier (C:\Users\hp\.gradle\caches\8.3\md-supplier)" [_thread_blocked, id=13512, stack(0x000000c8d4ea0000,0x000000c8d4fa0000)]
  0x000000c8d002a3c0 JavaThread "Cache worker for file content cache (C:\Users\hp\.gradle\caches\8.3\fileContent)" [_thread_blocked, id=19032, stack(0x000000c8d4fa0000,0x000000c8d50a0000)]
  0x000000c8d0028210 JavaThread "Cache worker for cache directory md-rule (C:\Users\hp\.gradle\caches\8.3\md-rule)" [_thread_blocked, id=17236, stack(0x000000c8d50a0000,0x000000c8d51a0000)]
  0x000000c8d0029ef0 JavaThread "Cache worker for execution history cache (C:\Users\hp\.gradle\caches\8.3\executionHistory)" [_thread_blocked, id=19556, stack(0x000000c8d51a0000,0x000000c8d52a0000)]
  0x000000c8d0029a20 JavaThread "jar transforms Thread 4" [_thread_blocked, id=8220, stack(0x000000c8d52a0000,0x000000c8d53a0000)]
  0x000000c8d002a890 JavaThread "jar transforms Thread 5" [_thread_blocked, id=19096, stack(0x000000c8d53a0000,0x000000c8d54a0000)]
  0x000000c8d0027870 JavaThread "jar transforms Thread 6" [_thread_blocked, id=8808, stack(0x000000c8d54a0000,0x000000c8d55a0000)]
  0x000000c8d002b700 JavaThread "jar transforms Thread 7" [_thread_blocked, id=20076, stack(0x000000c8d55a0000,0x000000c8d56a0000)]
  0x000000c8d0027d40 JavaThread "jar transforms Thread 8" [_thread_blocked, id=12176, stack(0x000000c8d56a0000,0x000000c8d57a0000)]
  0x000000c8d002bbd0 JavaThread "Cache worker for kotlin-dsl (C:\Users\hp\.gradle\caches\8.3\kotlin-dsl)" [_thread_blocked, id=20464, stack(0x000000c8d6000000,0x000000c8d6100000)]
  0x000000c8d002c0a0 JavaThread "Cache worker for dependencies-accessors (D:\VINEET\Flutter Project\Apps\my_app_1\android\.gradle\8.3\dependencies-accessors)" [_thread_blocked, id=11692, stack(0x000000c8d6100000,0x000000c8d6200000)]
  0x000000c8d00286e0 JavaThread "Cache worker for Build Output Cleanup Cache (C:\Users\hp\Downloads\flutter_windows_3.24.2-stable\flutter\packages\flutter_tools\gradle\.gradle\buildOutputCleanup)" [_thread_blocked, id=13676, stack(0x000000c8d6200000,0x000000c8d6300000)]
  0x000000c8d0028bb0 JavaThread "Memory manager" [_thread_blocked, id=144, stack(0x000000c8d6300000,0x000000c8d6400000)]
  0x000000c8d002e720 JavaThread "included builds" [_thread_blocked, id=3012, stack(0x000000c8d7c00000,0x000000c8d7d00000)]
  0x000000c8d002dd80 JavaThread "Execution worker" [_thread_blocked, id=17524, stack(0x000000c8d7d00000,0x000000c8d7e00000)]
  0x000000c8d002e250 JavaThread "Execution worker Thread 2" [_thread_blocked, id=17248, stack(0x000000c8d7e00000,0x000000c8d7f00000)]
  0x000000c8d002ebf0 JavaThread "Execution worker Thread 3" [_thread_blocked, id=11680, stack(0x000000c8d7f00000,0x000000c8d8000000)]
  0x000000c8d47e7000 JavaThread "Execution worker Thread 4" [_thread_blocked, id=17972, stack(0x000000c8d8000000,0x000000c8d8100000)]
  0x000000c8d47e6190 JavaThread "Execution worker Thread 5" [_thread_blocked, id=20316, stack(0x000000c8d8100000,0x000000c8d8200000)]
  0x000000c8d47e74d0 JavaThread "Execution worker Thread 6" [_thread_blocked, id=5824, stack(0x000000c8d8200000,0x000000c8d8300000)]
  0x000000c8d47e5cc0 JavaThread "Execution worker Thread 7" [_thread_blocked, id=18540, stack(0x000000c8d8300000,0x000000c8d8400000)]
  0x000000c8d47e6660 JavaThread "Cache worker for execution history cache (C:\Users\hp\Downloads\flutter_windows_3.24.2-stable\flutter\packages\flutter_tools\gradle\.gradle\8.3\executionHistory)" [_thread_blocked, id=20104, stack(0x000000c8d8400000,0x000000c8d8500000)]
  0x000000c8d47e4980 JavaThread "Unconstrained build operations" [_thread_blocked, id=2160, stack(0x000000c8d94d0000,0x000000c8d95d0000)]
  0x000000c8d47e5320 JavaThread "Unconstrained build operations Thread 2" [_thread_blocked, id=18792, stack(0x000000c8d95d0000,0x000000c8d96d0000)]
  0x000000c8d47e4e50 JavaThread "Unconstrained build operations Thread 3" [_thread_blocked, id=17308, stack(0x000000c8d96d0000,0x000000c8d97d0000)]
  0x000000c8d47e6b30 JavaThread "Unconstrained build operations Thread 4" [_thread_blocked, id=20328, stack(0x000000c8d97d0000,0x000000c8d98d0000)]
  0x000000c8d47e3fe0 JavaThread "Unconstrained build operations Thread 5" [_thread_blocked, id=20108, stack(0x000000c8d98d0000,0x000000c8d99d0000)]
  0x000000c8d47e57f0 JavaThread "Unconstrained build operations Thread 6" [_thread_blocked, id=17648, stack(0x000000c8d99d0000,0x000000c8d9ad0000)]
  0x000000c8d47e79a0 JavaThread "Unconstrained build operations Thread 7" [_thread_blocked, id=17872, stack(0x000000c8d9ad0000,0x000000c8d9bd0000)]
  0x000000c8d47e8340 JavaThread "Unconstrained build operations Thread 8" [_thread_blocked, id=19704, stack(0x000000c8d3ad0000,0x000000c8d3bd0000)]
  0x000000c8d47eb360 JavaThread "Unconstrained build operations Thread 9" [_thread_blocked, id=20004, stack(0x000000c8d9bd0000,0x000000c8d9cd0000)]
  0x000000c8d47e8810 JavaThread "Unconstrained build operations Thread 10" [_thread_blocked, id=1672, stack(0x000000c8d9cd0000,0x000000c8d9dd0000)]
  0x000000c8d47ea9c0 JavaThread "Unconstrained build operations Thread 11" [_thread_blocked, id=20172, stack(0x000000c8d9dd0000,0x000000c8d9ed0000)]
  0x000000c8d47eb830 JavaThread "Unconstrained build operations Thread 12" [_thread_blocked, id=18324, stack(0x000000c8d9ed0000,0x000000c8d9fd0000)]
  0x000000c8d47e91b0 JavaThread "Unconstrained build operations Thread 13" [_thread_blocked, id=19112, stack(0x000000c8d9fd0000,0x000000c8da0d0000)]
  0x000000c8d47ea020 JavaThread "Unconstrained build operations Thread 14" [_thread_blocked, id=18244, stack(0x000000c8da0d0000,0x000000c8da1d0000)]
  0x000000c8d47e8ce0 JavaThread "Cache worker for Build Output Cleanup Cache (D:\VINEET\Flutter Project\Apps\my_app_1\android\.gradle\buildOutputCleanup)" [_thread_blocked, id=19836, stack(0x000000c8d1d00000,0x000000c8d1e00000)]
  0x000000c8d47eae90 JavaThread "Unconstrained build operations Thread 15" [_thread_blocked, id=2744, stack(0x000000c8dcbd0000,0x000000c8dccd0000)]
  0x000000c8d4040740 JavaThread "Unconstrained build operations Thread 16" [_thread_blocked, id=18648, stack(0x000000c8dccd0000,0x000000c8dcdd0000)]
  0x000000c8d4040270 JavaThread "Unconstrained build operations Thread 17" [_thread_blocked, id=14996, stack(0x000000c8dcdd0000,0x000000c8dced0000)]
  0x000000c8d4040c10 JavaThread "Unconstrained build operations Thread 18" [_thread_blocked, id=2892, stack(0x000000c8dced0000,0x000000c8dcfd0000)]
  0x000000c8d403f400 JavaThread "Unconstrained build operations Thread 19" [_thread_blocked, id=16560, stack(0x000000c8dcfd0000,0x000000c8dd0d0000)]
  0x000000c8d40410e0 JavaThread "Unconstrained build operations Thread 20" [_thread_blocked, id=8180, stack(0x000000c8dd0d0000,0x000000c8dd1d0000)]
  0x000000c8d403f8d0 JavaThread "Unconstrained build operations Thread 21" [_thread_blocked, id=16736, stack(0x000000c8dd1d0000,0x000000c8dd2d0000)]
  0x000000c8d40428f0 JavaThread "Cache worker for execution history cache (D:\VINEET\Flutter Project\Apps\my_app_1\android\.gradle\8.3\executionHistory)" [_thread_blocked, id=17732, stack(0x000000c8de500000,0x000000c8de600000)]
  0x000000c8d403fda0 JavaThread "Exec process" [_thread_in_native, id=17124, stack(0x000000c8de600000,0x000000c8de700000)]
  0x000000c8d4044f70 JavaThread "Exec process Thread 2" [_thread_in_native, id=15492, stack(0x000000c8de700000,0x000000c8de800000)]
  0x000000c8d4044aa0 JavaThread "Exec process Thread 3" [_thread_in_native, id=11464, stack(0x000000c8df000000,0x000000c8df100000)]
  0x000000c8d4045440 JavaThread "File lock release action executor" [_thread_blocked, id=17776, stack(0x000000c8da1d0000,0x000000c8da2d0000)]
  0x000000c8cf0ce3d0 JavaThread "C2 CompilerThread1" daemon [_thread_in_native, id=5220, stack(0x000000c8af7e0000,0x000000c8af8e0000)]

Other Threads:
  0x000000c8cabdebf0 VMThread "VM Thread" [stack: 0x000000c8cae30000,0x000000c8caf30000] [id=15288]
  0x000000c8afd284b0 WatcherThread [stack: 0x000000c8cc700000,0x000000c8cc800000] [id=18820]
  0x000000c8afd12f90 GCTaskThread "GC Thread#0" [stack: 0x000000c8c8730000,0x000000c8c8830000] [id=20364]
  0x000000c8ccc196b0 GCTaskThread "GC Thread#1" [stack: 0x000000c8ce0d0000,0x000000c8ce1d0000] [id=17548]
  0x000000c8cc88efb0 GCTaskThread "GC Thread#2" [stack: 0x000000c8ce1d0000,0x000000c8ce2d0000] [id=19084]
  0x000000c8cc1bdec0 GCTaskThread "GC Thread#3" [stack: 0x000000c8ce2d0000,0x000000c8ce3d0000] [id=16348]
  0x000000c8ccfed560 GCTaskThread "GC Thread#4" [stack: 0x000000c8cd000000,0x000000c8cd100000] [id=18128]
  0x000000c8ccdda190 GCTaskThread "GC Thread#5" [stack: 0x000000c8d1900000,0x000000c8d1a00000] [id=4456]
  0x000000c8ce5e5b30 GCTaskThread "GC Thread#6" [stack: 0x000000c8d1a00000,0x000000c8d1b00000] [id=19680]
  0x000000c8ceab16c0 GCTaskThread "GC Thread#7" [stack: 0x000000c8d1b00000,0x000000c8d1c00000] [id=19900]
  0x000000c8af7ddfe0 ConcurrentGCThread "G1 Main Marker" [stack: 0x000000c8c8830000,0x000000c8c8930000] [id=4508]
  0x000000c8af7de900 ConcurrentGCThread "G1 Conc#0" [stack: 0x000000c8c8930000,0x000000c8c8a30000] [id=18908]
  0x000000c8cf21b060 ConcurrentGCThread "G1 Conc#1" [stack: 0x000000c8d3bd0000,0x000000c8d3cd0000] [id=100]
  0x000000c8caa971e0 ConcurrentGCThread "G1 Refine#0" [stack: 0x000000c8cac30000,0x000000c8cad30000] [id=17184]
  0x000000c8caa97a10 ConcurrentGCThread "G1 Service" [stack: 0x000000c8cad30000,0x000000c8cae30000] [id=13460]

Threads with active compile tasks:
C2 CompilerThread0    76018 12137       4       org.gradle.internal.logging.text.AbstractLineChoppingStyledTextOutput::doAppend (43 bytes)
C2 CompilerThread1    76018 12251       4       java.lang.reflect.AccessibleObject::checkCanSetAccessible (368 bytes)

VM state: not at safepoint (normal execution)

VM Mutex/Monitor currently owned by a thread: None

Heap address: 0x0000000700000000, size: 4096 MB, Compressed Oops mode: Zero based, Oop shift amount: 3

CDS archive(s) mapped at: [0x0000000800000000-0x0000000800bd0000-0x0000000800bd0000), size 12386304, SharedBaseAddress: 0x0000000800000000, ArchiveRelocationMode: 0.
Compressed class space mapped at: 0x0000000800c00000-0x0000000840c00000, reserved size: 1073741824
Narrow klass base: 0x0000000800000000, Narrow klass shift: 0, Narrow klass range: 0x100000000

GC Precious Log:
 CPUs: 8 total, 8 available
 Memory: 7834M
 Large Page Support: Disabled
 NUMA Support: Disabled
 Compressed Oops: Enabled (Zero based)
 Heap Region Size: 2M
 Heap Min Capacity: 8M
 Heap Initial Capacity: 124M
 Heap Max Capacity: 4G
 Pre-touch: Disabled
 Parallel Workers: 8
 Concurrent Workers: 2
 Concurrent Refinement Workers: 8
 Periodic GC: Disabled

Heap:
 garbage-first heap   total 233472K, used 185530K [0x0000000700000000, 0x0000000800000000)
  region size 2048K, 35 young (71680K), 3 survivors (6144K)
 Metaspace       used 94792K, committed 95808K, reserved 1138688K
  class space    used 13359K, committed 13824K, reserved 1048576K

Heap Regions: E=young(eden), S=young(survivor), O=old, HS=humongous(starts), HC=humongous(continues), CS=collection set, F=free, OA=open archive, CA=closed archive, TAMS=top-at-mark-start (previous, next)
|   0|0x0000000700000000, 0x0000000700200000, 0x0000000700200000|100%|HS|  |TAMS 0x0000000700200000, 0x0000000700000000| Complete 
|   1|0x0000000700200000, 0x0000000700400000, 0x0000000700400000|100%|HC|  |TAMS 0x0000000700400000, 0x0000000700200000| Complete 
|   2|0x0000000700400000, 0x0000000700600000, 0x0000000700600000|100%| O|  |TAMS 0x0000000700600000, 0x0000000700400000| Untracked 
|   3|0x0000000700600000, 0x0000000700800000, 0x0000000700800000|100%| O|  |TAMS 0x0000000700800000, 0x0000000700600000| Untracked 
|   4|0x0000000700800000, 0x0000000700a00000, 0x0000000700a00000|100%| O|  |TAMS 0x0000000700a00000, 0x0000000700800000| Untracked 
|   5|0x0000000700a00000, 0x0000000700c00000, 0x0000000700c00000|100%| O|  |TAMS 0x0000000700c00000, 0x0000000700a00000| Untracked 
|   6|0x0000000700c00000, 0x0000000700e00000, 0x0000000700e00000|100%| O|  |TAMS 0x0000000700e00000, 0x0000000700c00000| Untracked 
|   7|0x0000000700e00000, 0x0000000701000000, 0x0000000701000000|100%| O|  |TAMS 0x0000000701000000, 0x0000000700e00000| Untracked 
|   8|0x0000000701000000, 0x0000000701200000, 0x0000000701200000|100%| O|  |TAMS 0x0000000701200000, 0x0000000701000000| Untracked 
|   9|0x0000000701200000, 0x0000000701400000, 0x0000000701400000|100%| O|  |TAMS 0x0000000701400000, 0x0000000701200000| Untracked 
|  10|0x0000000701400000, 0x0000000701600000, 0x0000000701600000|100%| O|  |TAMS 0x0000000701600000, 0x0000000701400000| Untracked 
|  11|0x0000000701600000, 0x0000000701800000, 0x0000000701800000|100%| O|  |TAMS 0x0000000701800000, 0x0000000701600000| Untracked 
|  12|0x0000000701800000, 0x0000000701a00000, 0x0000000701a00000|100%| O|  |TAMS 0x0000000701a00000, 0x0000000701800000| Untracked 
|  13|0x0000000701a00000, 0x0000000701c00000, 0x0000000701c00000|100%| O|  |TAMS 0x0000000701c00000, 0x0000000701a00000| Untracked 
|  14|0x0000000701c00000, 0x0000000701e00000, 0x0000000701e00000|100%| O|  |TAMS 0x0000000701e00000, 0x0000000701c00000| Untracked 
|  15|0x0000000701e00000, 0x0000000702000000, 0x0000000702000000|100%| O|  |TAMS 0x0000000702000000, 0x0000000701e00000| Untracked 
|  16|0x0000000702000000, 0x0000000702200000, 0x0000000702200000|100%| O|  |TAMS 0x0000000702200000, 0x0000000702000000| Untracked 
|  17|0x0000000702200000, 0x0000000702400000, 0x0000000702400000|100%| O|  |TAMS 0x0000000702400000, 0x0000000702200000| Untracked 
|  18|0x0000000702400000, 0x0000000702600000, 0x0000000702600000|100%| O|  |TAMS 0x0000000702600000, 0x0000000702400000| Untracked 
|  19|0x0000000702600000, 0x0000000702800000, 0x0000000702800000|100%| O|  |TAMS 0x0000000702800000, 0x0000000702600000| Untracked 
|  20|0x0000000702800000, 0x0000000702a00000, 0x0000000702a00000|100%| O|  |TAMS 0x0000000702a00000, 0x0000000702800000| Untracked 
|  21|0x0000000702a00000, 0x0000000702c00000, 0x0000000702c00000|100%| O|  |TAMS 0x0000000702c00000, 0x0000000702a00000| Untracked 
|  22|0x0000000702c00000, 0x0000000702e00000, 0x0000000702e00000|100%| O|  |TAMS 0x0000000702e00000, 0x0000000702c00000| Untracked 
|  23|0x0000000702e00000, 0x0000000703000000, 0x0000000703000000|100%|HS|  |TAMS 0x0000000703000000, 0x0000000702e00000| Complete 
|  24|0x0000000703000000, 0x0000000703200000, 0x0000000703200000|100%| O|  |TAMS 0x0000000703200000, 0x0000000703000000| Untracked 
|  25|0x0000000703200000, 0x0000000703400000, 0x0000000703400000|100%|HS|  |TAMS 0x0000000703400000, 0x0000000703200000| Complete 
|  26|0x0000000703400000, 0x0000000703600000, 0x0000000703600000|100%|HC|  |TAMS 0x0000000703600000, 0x0000000703400000| Complete 
|  27|0x0000000703600000, 0x0000000703800000, 0x0000000703800000|100%| O|  |TAMS 0x0000000703800000, 0x0000000703600000| Untracked 
|  28|0x0000000703800000, 0x0000000703a00000, 0x0000000703a00000|100%| O|  |TAMS 0x0000000703a00000, 0x0000000703800000| Untracked 
|  29|0x0000000703a00000, 0x0000000703c00000, 0x0000000703c00000|100%| O|  |TAMS 0x0000000703c00000, 0x0000000703a00000| Untracked 
|  30|0x0000000703c00000, 0x0000000703e00000, 0x0000000703e00000|100%|HS|  |TAMS 0x0000000703e00000, 0x0000000703c00000| Complete 
|  31|0x0000000703e00000, 0x0000000704000000, 0x0000000704000000|100%| O|  |TAMS 0x0000000704000000, 0x0000000703e00000| Untracked 
|  32|0x0000000704000000, 0x0000000704200000, 0x0000000704200000|100%| O|  |TAMS 0x0000000704200000, 0x0000000704000000| Untracked 
|  33|0x0000000704200000, 0x0000000704400000, 0x0000000704400000|100%| O|  |TAMS 0x0000000704400000, 0x0000000704200000| Untracked 
|  34|0x0000000704400000, 0x0000000704600000, 0x0000000704600000|100%| O|  |TAMS 0x0000000704600000, 0x0000000704400000| Untracked 
|  35|0x0000000704600000, 0x0000000704800000, 0x0000000704800000|100%| O|  |TAMS 0x0000000704800000, 0x0000000704600000| Untracked 
|  36|0x0000000704800000, 0x0000000704a00000, 0x0000000704a00000|100%| O|  |TAMS 0x0000000704a00000, 0x0000000704800000| Untracked 
|  37|0x0000000704a00000, 0x0000000704c00000, 0x0000000704c00000|100%|HS|  |TAMS 0x0000000704c00000, 0x0000000704a00000| Complete 
|  38|0x0000000704c00000, 0x0000000704e00000, 0x0000000704e00000|100%|HC|  |TAMS 0x0000000704e00000, 0x0000000704c00000| Complete 
|  39|0x0000000704e00000, 0x0000000705000000, 0x0000000705000000|100%| O|  |TAMS 0x0000000705000000, 0x0000000704e00000| Untracked 
|  40|0x0000000705000000, 0x0000000705200000, 0x0000000705200000|100%| O|  |TAMS 0x0000000705200000, 0x0000000705000000| Untracked 
|  41|0x0000000705200000, 0x0000000705400000, 0x0000000705400000|100%| O|  |TAMS 0x0000000705400000, 0x0000000705200000| Untracked 
|  42|0x0000000705400000, 0x0000000705600000, 0x0000000705600000|100%| O|  |TAMS 0x0000000705600000, 0x0000000705400000| Untracked 
|  43|0x0000000705600000, 0x0000000705800000, 0x0000000705800000|100%|HS|  |TAMS 0x0000000705800000, 0x0000000705600000| Complete 
|  44|0x0000000705800000, 0x0000000705a00000, 0x0000000705a00000|100%|HC|  |TAMS 0x0000000705a00000, 0x0000000705800000| Complete 
|  45|0x0000000705a00000, 0x0000000705c00000, 0x0000000705c00000|100%|HS|  |TAMS 0x0000000705c00000, 0x0000000705a00000| Complete 
|  46|0x0000000705c00000, 0x0000000705e00000, 0x0000000705e00000|100%| O|  |TAMS 0x0000000705e00000, 0x0000000705c00000| Untracked 
|  47|0x0000000705e00000, 0x0000000706000000, 0x0000000706000000|100%| O|  |TAMS 0x0000000706000000, 0x0000000705e00000| Untracked 
|  48|0x0000000706000000, 0x0000000706200000, 0x0000000706200000|100%| O|  |TAMS 0x0000000706200000, 0x0000000706000000| Untracked 
|  49|0x0000000706200000, 0x0000000706400000, 0x0000000706400000|100%| O|  |TAMS 0x0000000706400000, 0x0000000706200000| Untracked 
|  50|0x0000000706400000, 0x0000000706600000, 0x0000000706600000|100%| O|  |TAMS 0x0000000706425a00, 0x0000000706400000| Untracked 
|  51|0x0000000706600000, 0x0000000706800000, 0x0000000706800000|100%| O|  |TAMS 0x0000000706600000, 0x0000000706600000| Untracked 
|  52|0x0000000706800000, 0x0000000706a00000, 0x0000000706a00000|100%| O|  |TAMS 0x0000000706800000, 0x0000000706800000| Untracked 
|  53|0x0000000706a00000, 0x0000000706c00000, 0x0000000706c00000|100%| O|  |TAMS 0x0000000706a00000, 0x0000000706a00000| Untracked 
|  54|0x0000000706c00000, 0x0000000706e00000, 0x0000000706e00000|100%| O|  |TAMS 0x0000000706c00000, 0x0000000706c00000| Untracked 
|  55|0x0000000706e00000, 0x0000000707000000, 0x0000000707000000|100%| O|  |TAMS 0x0000000706e00000, 0x0000000706e00000| Untracked 
|  56|0x0000000707000000, 0x00000007071aba00, 0x0000000707200000| 83%| O|  |TAMS 0x0000000707000000, 0x0000000707000000| Untracked 
|  57|0x0000000707200000, 0x0000000707200000, 0x0000000707400000|  0%| F|  |TAMS 0x0000000707200000, 0x0000000707200000| Untracked 
|  58|0x0000000707400000, 0x0000000707400000, 0x0000000707600000|  0%| F|  |TAMS 0x0000000707400000, 0x0000000707400000| Untracked 
|  59|0x0000000707600000, 0x0000000707600000, 0x0000000707800000|  0%| F|  |TAMS 0x0000000707600000, 0x0000000707600000| Untracked 
|  60|0x0000000707800000, 0x0000000707800000, 0x0000000707a00000|  0%| F|  |TAMS 0x0000000707800000, 0x0000000707800000| Untracked 
|  61|0x0000000707a00000, 0x0000000707a00000, 0x0000000707c00000|  0%| F|  |TAMS 0x0000000707a00000, 0x0000000707a00000| Untracked 
|  62|0x0000000707c00000, 0x0000000707c00000, 0x0000000707e00000|  0%| F|  |TAMS 0x0000000707c00000, 0x0000000707c00000| Untracked 
|  63|0x0000000707e00000, 0x0000000707e00000, 0x0000000708000000|  0%| F|  |TAMS 0x0000000707e00000, 0x0000000707e00000| Untracked 
|  64|0x0000000708000000, 0x0000000708000000, 0x0000000708200000|  0%| F|  |TAMS 0x0000000708000000, 0x0000000708000000| Untracked 
|  65|0x0000000708200000, 0x0000000708200000, 0x0000000708400000|  0%| F|  |TAMS 0x0000000708200000, 0x0000000708200000| Untracked 
|  66|0x0000000708400000, 0x0000000708400000, 0x0000000708600000|  0%| F|  |TAMS 0x0000000708400000, 0x0000000708400000| Untracked 
|  67|0x0000000708600000, 0x0000000708600000, 0x0000000708800000|  0%| F|  |TAMS 0x0000000708600000, 0x0000000708600000| Untracked 
|  68|0x0000000708800000, 0x0000000708800000, 0x0000000708a00000|  0%| F|  |TAMS 0x0000000708800000, 0x0000000708800000| Untracked 
|  69|0x0000000708a00000, 0x0000000708a00000, 0x0000000708c00000|  0%| F|  |TAMS 0x0000000708a00000, 0x0000000708a00000| Untracked 
|  70|0x0000000708c00000, 0x0000000708c00000, 0x0000000708e00000|  0%| F|  |TAMS 0x0000000708c00000, 0x0000000708c00000| Untracked 
|  71|0x0000000708e00000, 0x0000000708e00000, 0x0000000709000000|  0%| F|  |TAMS 0x0000000708e00000, 0x0000000708e00000| Untracked 
|  72|0x0000000709000000, 0x0000000709000000, 0x0000000709200000|  0%| F|  |TAMS 0x0000000709000000, 0x0000000709000000| Untracked 
|  73|0x0000000709200000, 0x0000000709200000, 0x0000000709400000|  0%| F|  |TAMS 0x0000000709200000, 0x0000000709200000| Untracked 
|  74|0x0000000709400000, 0x0000000709400000, 0x0000000709600000|  0%| F|  |TAMS 0x0000000709400000, 0x0000000709400000| Untracked 
|  75|0x0000000709600000, 0x00000007097831b0, 0x0000000709800000| 75%| S|CS|TAMS 0x0000000709600000, 0x0000000709600000| Complete 
|  76|0x0000000709800000, 0x0000000709a00000, 0x0000000709a00000|100%| S|CS|TAMS 0x0000000709800000, 0x0000000709800000| Complete 
|  77|0x0000000709a00000, 0x0000000709c00000, 0x0000000709c00000|100%| S|CS|TAMS 0x0000000709a00000, 0x0000000709a00000| Complete 
|  78|0x0000000709c00000, 0x0000000709c00000, 0x0000000709e00000|  0%| F|  |TAMS 0x0000000709c00000, 0x0000000709c00000| Untracked 
|  79|0x0000000709e00000, 0x0000000709e00000, 0x000000070a000000|  0%| F|  |TAMS 0x0000000709e00000, 0x0000000709e00000| Untracked 
|  80|0x000000070a000000, 0x000000070a000000, 0x000000070a200000|  0%| F|  |TAMS 0x000000070a000000, 0x000000070a000000| Untracked 
|  81|0x000000070a200000, 0x000000070a200000, 0x000000070a400000|  0%| F|  |TAMS 0x000000070a200000, 0x000000070a200000| Untracked 
|  82|0x000000070a400000, 0x000000070a42ca60, 0x000000070a600000|  8%| E|  |TAMS 0x000000070a400000, 0x000000070a400000| Complete 
|  83|0x000000070a600000, 0x000000070a800000, 0x000000070a800000|100%| E|CS|TAMS 0x000000070a600000, 0x000000070a600000| Complete 
|  84|0x000000070a800000, 0x000000070aa00000, 0x000000070aa00000|100%| E|CS|TAMS 0x000000070a800000, 0x000000070a800000| Complete 
|  85|0x000000070aa00000, 0x000000070ac00000, 0x000000070ac00000|100%| E|CS|TAMS 0x000000070aa00000, 0x000000070aa00000| Complete 
|  86|0x000000070ac00000, 0x000000070ae00000, 0x000000070ae00000|100%| E|CS|TAMS 0x000000070ac00000, 0x000000070ac00000| Complete 
|  87|0x000000070ae00000, 0x000000070b000000, 0x000000070b000000|100%| E|CS|TAMS 0x000000070ae00000, 0x000000070ae00000| Complete 
|  88|0x000000070b000000, 0x000000070b200000, 0x000000070b200000|100%| E|CS|TAMS 0x000000070b000000, 0x000000070b000000| Complete 
|  89|0x000000070b200000, 0x000000070b400000, 0x000000070b400000|100%| E|CS|TAMS 0x000000070b200000, 0x000000070b200000| Complete 
|  90|0x000000070b400000, 0x000000070b600000, 0x000000070b600000|100%| E|CS|TAMS 0x000000070b400000, 0x000000070b400000| Complete 
|  91|0x000000070b600000, 0x000000070b800000, 0x000000070b800000|100%| E|CS|TAMS 0x000000070b600000, 0x000000070b600000| Complete 
|  92|0x000000070b800000, 0x000000070ba00000, 0x000000070ba00000|100%| E|CS|TAMS 0x000000070b800000, 0x000000070b800000| Complete 
|  93|0x000000070ba00000, 0x000000070bc00000, 0x000000070bc00000|100%| E|CS|TAMS 0x000000070ba00000, 0x000000070ba00000| Complete 
|  94|0x000000070bc00000, 0x000000070be00000, 0x000000070be00000|100%| E|CS|TAMS 0x000000070bc00000, 0x000000070bc00000| Complete 
|  95|0x000000070be00000, 0x000000070c000000, 0x000000070c000000|100%| E|CS|TAMS 0x000000070be00000, 0x000000070be00000| Complete 
|  96|0x000000070c000000, 0x000000070c200000, 0x000000070c200000|100%| E|CS|TAMS 0x000000070c000000, 0x000000070c000000| Complete 
|  97|0x000000070c200000, 0x000000070c400000, 0x000000070c400000|100%| E|CS|TAMS 0x000000070c200000, 0x000000070c200000| Complete 
|  98|0x000000070c400000, 0x000000070c600000, 0x000000070c600000|100%| E|CS|TAMS 0x000000070c400000, 0x000000070c400000| Complete 
|  99|0x000000070c600000, 0x000000070c800000, 0x000000070c800000|100%| E|CS|TAMS 0x000000070c600000, 0x000000070c600000| Complete 
| 100|0x000000070c800000, 0x000000070ca00000, 0x000000070ca00000|100%| E|CS|TAMS 0x000000070c800000, 0x000000070c800000| Complete 
| 101|0x000000070ca00000, 0x000000070cc00000, 0x000000070cc00000|100%| E|CS|TAMS 0x000000070ca00000, 0x000000070ca00000| Complete 
| 102|0x000000070cc00000, 0x000000070ce00000, 0x000000070ce00000|100%| E|CS|TAMS 0x000000070cc00000, 0x000000070cc00000| Complete 
| 103|0x000000070ce00000, 0x000000070d000000, 0x000000070d000000|100%| E|CS|TAMS 0x000000070ce00000, 0x000000070ce00000| Complete 
| 104|0x000000070d000000, 0x000000070d200000, 0x000000070d200000|100%| E|CS|TAMS 0x000000070d000000, 0x000000070d000000| Complete 
| 105|0x000000070d200000, 0x000000070d400000, 0x000000070d400000|100%| E|CS|TAMS 0x000000070d200000, 0x000000070d200000| Complete 
| 106|0x000000070d400000, 0x000000070d600000, 0x000000070d600000|100%| E|CS|TAMS 0x000000070d400000, 0x000000070d400000| Complete 
| 107|0x000000070d600000, 0x000000070d800000, 0x000000070d800000|100%| E|CS|TAMS 0x000000070d600000, 0x000000070d600000| Complete 
| 108|0x000000070d800000, 0x000000070da00000, 0x000000070da00000|100%| E|CS|TAMS 0x000000070d800000, 0x000000070d800000| Complete 
| 109|0x000000070da00000, 0x000000070dc00000, 0x000000070dc00000|100%| E|CS|TAMS 0x000000070da00000, 0x000000070da00000| Complete 
| 110|0x000000070dc00000, 0x000000070de00000, 0x000000070de00000|100%| E|CS|TAMS 0x000000070dc00000, 0x000000070dc00000| Complete 
| 111|0x000000070de00000, 0x000000070e000000, 0x000000070e000000|100%| E|CS|TAMS 0x000000070de00000, 0x000000070de00000| Complete 
| 112|0x000000070e000000, 0x000000070e200000, 0x000000070e200000|100%| E|CS|TAMS 0x000000070e000000, 0x000000070e000000| Complete 
| 113|0x000000070e200000, 0x000000070e400000, 0x000000070e400000|100%| E|CS|TAMS 0x000000070e200000, 0x000000070e200000| Complete 

Card table byte_map: [0x000000c8bf730000,0x000000c8bff30000] _byte_map_base: 0x000000c8bbf30000

Marking Bits (Prev, Next): (CMBitMap*) 0x000000c8afd134b0, (CMBitMap*) 0x000000c8afd134f0
 Prev Bits: [0x000000c8c0730000, 0x000000c8c4730000)
 Next Bits: [0x000000c8c4730000, 0x000000c8c8730000)

Polling page: 0x000000c8af3c0000

Metaspace:

Usage:
  Non-class:     79.52 MB used.
      Class:     13.05 MB used.
       Both:     92.57 MB used.

Virtual space:
  Non-class space:       88.00 MB reserved,      80.06 MB ( 91%) committed,  11 nodes.
      Class space:        1.00 GB reserved,      13.50 MB (  1%) committed,  1 nodes.
             Both:        1.09 GB reserved,      93.56 MB (  8%) committed. 

Chunk freelists:
   Non-Class:  3.72 MB
       Class:  2.45 MB
        Both:  6.17 MB

MaxMetaspaceSize: 2.00 GB
CompressedClassSpaceSize: 1.00 GB
Initial GC threshold: 21.00 MB
Current GC threshold: 133.38 MB
CDS: on
MetaspaceReclaimPolicy: balanced
 - commit_granule_bytes: 65536.
 - commit_granule_words: 8192.
 - virtual_space_node_default_size: 1048576.
 - enlarge_chunks_in_place: 1.
 - new_chunks_are_fully_committed: 0.
 - uncommit_free_chunks: 1.
 - use_allocation_guard: 0.
 - handle_deallocations: 1.


Internal statistics:

num_allocs_failed_limit: 9.
num_arena_births: 1226.
num_arena_deaths: 0.
num_vsnodes_births: 12.
num_vsnodes_deaths: 0.
num_space_committed: 1497.
num_space_uncommitted: 0.
num_chunks_returned_to_freelist: 9.
num_chunks_taken_from_freelist: 5347.
num_chunk_merges: 6.
num_chunk_splits: 3463.
num_chunks_enlarged: 2252.
num_purges: 0.
num_inconsistent_stats: 0.

CodeHeap 'non-profiled nmethods': size=120000Kb used=8009Kb max_used=8009Kb free=111990Kb
 bounds [0x000000c8b7820000, 0x000000c8b8000000, 0x000000c8bed50000]
CodeHeap 'profiled nmethods': size=120000Kb used=21518Kb max_used=21518Kb free=98482Kb
 bounds [0x000000c8afd50000, 0x000000c8b1260000, 0x000000c8b7280000]
CodeHeap 'non-nmethods': size=5760Kb used=2434Kb max_used=2505Kb free=3325Kb
 bounds [0x000000c8b7280000, 0x000000c8b7500000, 0x000000c8b7820000]
 total_blobs=11803 nmethods=10842 adapters=872
 compilation: enabled
              stopped_count=0, restarted_count=0
 full_count=0

Compilation events (20 events):
Event: 71.924 Thread 0x000000c8cbf41400 12248       3       org.gradle.internal.logging.events.StyledTextOutputEvent::render (55 bytes)
Event: 71.924 Thread 0x000000c8cbf41400 nmethod 12248 0x000000c8b124df10 code [0x000000c8b124e140, 0x000000c8b124ebc8]
Event: 71.924 Thread 0x000000c8cbf41400 12244       3       org.gradle.internal.logging.source.PrintStreamLoggingSystem$OutputEventDestination::onOutput (47 bytes)
Event: 71.926 Thread 0x000000c8cbf41400 nmethod 12244 0x000000c8b124ef10 code [0x000000c8b124f140, 0x000000c8b124f9a8]
Event: 71.926 Thread 0x000000c8cbf41400 12245       3       org.gradle.internal.logging.events.StyledTextOutputEvent::<init> (26 bytes)
Event: 71.926 Thread 0x000000c8cbf41400 nmethod 12245 0x000000c8b124fd10 code [0x000000c8b124ff00, 0x000000c8b12504e8]
Event: 71.926 Thread 0x000000c8cbf41400 12246       3       org.gradle.internal.logging.events.StyledTextOutputEvent::withLogLevel (25 bytes)
Event: 71.927 Thread 0x000000c8cbf41400 nmethod 12246 0x000000c8b1250710 code [0x000000c8b12508c0, 0x000000c8b1250c68]
Event: 71.927 Thread 0x000000c8cbf41400 12247       3       org.gradle.internal.logging.events.StyledTextOutputEvent::withBuildOperationId (25 bytes)
Event: 71.927 Thread 0x000000c8cbf41400 nmethod 12247 0x000000c8b1250d10 code [0x000000c8b1250ec0, 0x000000c8b1251268]
Event: 71.959 Thread 0x000000c8cbf41400 12254 %     3       java.io.OutputStream::write @ 11 (34 bytes)
Event: 71.960 Thread 0x000000c8cbf41400 nmethod 12254% 0x000000c8b1251310 code [0x000000c8b12514e0, 0x000000c8b1251a18]
Event: 71.961 Thread 0x000000c8cbf41400 12255       3       java.io.OutputStream::write (34 bytes)
Event: 71.961 Thread 0x000000c8cbf41400 nmethod 12255 0x000000c8b1251c90 code [0x000000c8b1251e60, 0x000000c8b12522d8]
Event: 72.088 Thread 0x000000c8cbf41400 12265       2       java.nio.CharBuffer::toString (13 bytes)
Event: 72.089 Thread 0x000000c8cbf41400 nmethod 12265 0x000000c8b1252510 code [0x000000c8b12526a0, 0x000000c8b12527c8]
Event: 72.126 Thread 0x000000c8cbf41400 12268       2       org.gradle.internal.io.LineBufferingOutputStream::flush (31 bytes)
Event: 72.127 Thread 0x000000c8cbf41400 nmethod 12268 0x000000c8b1252890 code [0x000000c8b1252a80, 0x000000c8b1252dd8]
Event: 72.864 Thread 0x000000c8cbf41400 12271       2       java.util.concurrent.ScheduledThreadPoolExecutor::canRunInCurrentRunState (61 bytes)
Event: 72.865 Thread 0x000000c8cbf41400 nmethod 12271 0x000000c8b1253190 code [0x000000c8b1253340, 0x000000c8b1253628]

GC Heap History (20 events):
Event: 30.258 GC heap before
{Heap before GC invocations=37 (full 0):
 garbage-first heap   total 147456K, used 112286K [0x0000000700000000, 0x0000000800000000)
  region size 2048K, 17 young (34816K), 2 survivors (4096K)
 Metaspace       used 73403K, committed 74240K, reserved 1114112K
  class space    used 10267K, committed 10688K, reserved 1048576K
}
Event: 30.269 GC heap after
{Heap after GC invocations=38 (full 0):
 garbage-first heap   total 147456K, used 84056K [0x0000000700000000, 0x0000000800000000)
  region size 2048K, 3 young (6144K), 3 survivors (6144K)
 Metaspace       used 73403K, committed 74240K, reserved 1114112K
  class space    used 10267K, committed 10688K, reserved 1048576K
}
Event: 30.896 GC heap before
{Heap before GC invocations=38 (full 0):
 garbage-first heap   total 147456K, used 114776K [0x0000000700000000, 0x0000000800000000)
  region size 2048K, 19 young (38912K), 3 survivors (6144K)
 Metaspace       used 73824K, committed 74688K, reserved 1114112K
  class space    used 10332K, committed 10752K, reserved 1048576K
}
Event: 30.904 GC heap after
{Heap after GC invocations=39 (full 0):
 garbage-first heap   total 147456K, used 85741K [0x0000000700000000, 0x0000000800000000)
  region size 2048K, 3 young (6144K), 3 survivors (6144K)
 Metaspace       used 73824K, committed 74688K, reserved 1114112K
  class space    used 10332K, committed 10752K, reserved 1048576K
}
Event: 32.255 GC heap before
{Heap before GC invocations=40 (full 0):
 garbage-first heap   total 151552K, used 110317K [0x0000000700000000, 0x0000000800000000)
  region size 2048K, 17 young (34816K), 3 survivors (6144K)
 Metaspace       used 74142K, committed 74944K, reserved 1114112K
  class space    used 10344K, committed 10752K, reserved 1048576K
}
Event: 32.262 GC heap after
{Heap after GC invocations=41 (full 0):
 garbage-first heap   total 151552K, used 92349K [0x0000000700000000, 0x0000000800000000)
  region size 2048K, 3 young (6144K), 3 survivors (6144K)
 Metaspace       used 74142K, committed 74944K, reserved 1114112K
  class space    used 10344K, committed 10752K, reserved 1048576K
}
Event: 33.236 GC heap before
{Heap before GC invocations=42 (full 0):
 garbage-first heap   total 174080K, used 125117K [0x0000000700000000, 0x0000000800000000)
  region size 2048K, 16 young (32768K), 3 survivors (6144K)
 Metaspace       used 76226K, committed 77056K, reserved 1122304K
  class space    used 10616K, committed 11008K, reserved 1048576K
}
Event: 33.243 GC heap after
{Heap after GC invocations=43 (full 0):
 garbage-first heap   total 174080K, used 102751K [0x0000000700000000, 0x0000000800000000)
  region size 2048K, 2 young (4096K), 2 survivors (4096K)
 Metaspace       used 76226K, committed 77056K, reserved 1122304K
  class space    used 10616K, committed 11008K, reserved 1048576K
}
Event: 33.753 GC heap before
{Heap before GC invocations=43 (full 0):
 garbage-first heap   total 174080K, used 137567K [0x0000000700000000, 0x0000000800000000)
  region size 2048K, 19 young (38912K), 2 survivors (4096K)
 Metaspace       used 76554K, committed 77376K, reserved 1122304K
  class space    used 10650K, committed 11072K, reserved 1048576K
}
Event: 33.758 GC heap after
{Heap after GC invocations=44 (full 0):
 garbage-first heap   total 174080K, used 104415K [0x0000000700000000, 0x0000000800000000)
  region size 2048K, 3 young (6144K), 3 survivors (6144K)
 Metaspace       used 76554K, committed 77376K, reserved 1122304K
  class space    used 10650K, committed 11072K, reserved 1048576K
}
Event: 34.665 GC heap before
{Heap before GC invocations=45 (full 0):
 garbage-first heap   total 194560K, used 137183K [0x0000000700000000, 0x0000000800000000)
  region size 2048K, 19 young (38912K), 3 survivors (6144K)
 Metaspace       used 77932K, committed 78784K, reserved 1122304K
  class space    used 10852K, committed 11264K, reserved 1048576K
}
Event: 34.672 GC heap after
{Heap after GC invocations=46 (full 0):
 garbage-first heap   total 194560K, used 106805K [0x0000000700000000, 0x0000000800000000)
  region size 2048K, 3 young (6144K), 3 survivors (6144K)
 Metaspace       used 77932K, committed 78784K, reserved 1122304K
  class space    used 10852K, committed 11264K, reserved 1048576K
}
Event: 35.986 GC heap before
{Heap before GC invocations=46 (full 0):
 garbage-first heap   total 194560K, used 153909K [0x0000000700000000, 0x0000000800000000)
  region size 2048K, 26 young (53248K), 3 survivors (6144K)
 Metaspace       used 80959K, committed 81856K, reserved 1122304K
  class space    used 11366K, committed 11776K, reserved 1048576K
}
Event: 35.994 GC heap after
{Heap after GC invocations=47 (full 0):
 garbage-first heap   total 194560K, used 107967K [0x0000000700000000, 0x0000000800000000)
  region size 2048K, 3 young (6144K), 3 survivors (6144K)
 Metaspace       used 80959K, committed 81856K, reserved 1122304K
  class space    used 11366K, committed 11776K, reserved 1048576K
}
Event: 37.428 GC heap before
{Heap before GC invocations=48 (full 0):
 garbage-first heap   total 194560K, used 155071K [0x0000000700000000, 0x0000000800000000)
  region size 2048K, 27 young (55296K), 3 survivors (6144K)
 Metaspace       used 83937K, committed 84864K, reserved 1122304K
  class space    used 11855K, committed 12288K, reserved 1048576K
}
Event: 37.436 GC heap after
{Heap after GC invocations=49 (full 0):
 garbage-first heap   total 233472K, used 110022K [0x0000000700000000, 0x0000000800000000)
  region size 2048K, 3 young (6144K), 3 survivors (6144K)
 Metaspace       used 83937K, committed 84864K, reserved 1122304K
  class space    used 11855K, committed 12288K, reserved 1048576K
}
Event: 40.567 GC heap before
{Heap before GC invocations=49 (full 0):
 garbage-first heap   total 233472K, used 189894K [0x0000000700000000, 0x0000000800000000)
  region size 2048K, 42 young (86016K), 3 survivors (6144K)
 Metaspace       used 87157K, committed 88064K, reserved 1130496K
  class space    used 12323K, committed 12736K, reserved 1048576K
}
Event: 40.582 GC heap after
{Heap after GC invocations=50 (full 0):
 garbage-first heap   total 233472K, used 116715K [0x0000000700000000, 0x0000000800000000)
  region size 2048K, 6 young (12288K), 6 survivors (12288K)
 Metaspace       used 87157K, committed 88064K, reserved 1130496K
  class space    used 12323K, committed 12736K, reserved 1048576K
}
Event: 43.182 GC heap before
{Heap before GC invocations=50 (full 0):
 garbage-first heap   total 233472K, used 190443K [0x0000000700000000, 0x0000000800000000)
  region size 2048K, 42 young (86016K), 6 survivors (12288K)
 Metaspace       used 91031K, committed 91968K, reserved 1130496K
  class space    used 12867K, committed 13312K, reserved 1048576K
}
Event: 43.198 GC heap after
{Heap after GC invocations=51 (full 0):
 garbage-first heap   total 233472K, used 122042K [0x0000000700000000, 0x0000000800000000)
  region size 2048K, 3 young (6144K), 3 survivors (6144K)
 Metaspace       used 91031K, committed 91968K, reserved 1130496K
  class space    used 12867K, committed 13312K, reserved 1048576K
}

Deoptimization events (20 events):
Event: 56.464 Thread 0x000000c8d4044aa0 Uncommon trap: trap_request=0xffffffc6 fr.pc=0x000000c8b7f5da10 relative=0x00000000000001b0
Event: 56.464 Thread 0x000000c8d4044aa0 Uncommon trap: reason=bimorphic_or_optimized_type_check action=maybe_recompile pc=0x000000c8b7f5da10 method=org.gradle.internal.logging.sink.OutputEventRenderer.onOutput(Lorg/gradle/internal/logging/events/OutputEvent;)V @ 1 c2
Event: 56.464 Thread 0x000000c8d4044aa0 DEOPT PACKING pc=0x000000c8b7f5da10 sp=0x000000c8df0fecd0
Event: 56.464 Thread 0x000000c8d4044aa0 DEOPT UNPACKING pc=0x000000c8b72d5ba3 sp=0x000000c8df0fec10 mode 2
Event: 56.464 Thread 0x000000c8d4044aa0 Uncommon trap: trap_request=0xffffffde fr.pc=0x000000c8b7f60b34 relative=0x0000000000001c54
Event: 56.464 Thread 0x000000c8d4044aa0 Uncommon trap: reason=class_check action=maybe_recompile pc=0x000000c8b7f60b34 method=org.gradle.internal.logging.sink.OutputEventTransformer.onOutput(Lorg/gradle/internal/logging/events/OutputEvent;)V @ 215 c2
Event: 56.464 Thread 0x000000c8d4044aa0 DEOPT PACKING pc=0x000000c8b7f60b34 sp=0x000000c8df0feb70
Event: 56.464 Thread 0x000000c8d4044aa0 DEOPT UNPACKING pc=0x000000c8b72d5ba3 sp=0x000000c8df0feb88 mode 2
Event: 56.556 Thread 0x000000c8d4044aa0 Uncommon trap: trap_request=0xffffffc6 fr.pc=0x000000c8b7f5da10 relative=0x00000000000001b0
Event: 56.556 Thread 0x000000c8d4044aa0 Uncommon trap: reason=bimorphic_or_optimized_type_check action=maybe_recompile pc=0x000000c8b7f5da10 method=org.gradle.internal.logging.sink.OutputEventRenderer.onOutput(Lorg/gradle/internal/logging/events/OutputEvent;)V @ 1 c2
Event: 56.556 Thread 0x000000c8d4044aa0 DEOPT PACKING pc=0x000000c8b7f5da10 sp=0x000000c8df0fecd0
Event: 56.556 Thread 0x000000c8d4044aa0 DEOPT UNPACKING pc=0x000000c8b72d5ba3 sp=0x000000c8df0fec10 mode 2
Event: 56.556 Thread 0x000000c8d4044aa0 Uncommon trap: trap_request=0xffffffde fr.pc=0x000000c8b7f60b34 relative=0x0000000000001c54
Event: 56.556 Thread 0x000000c8d4044aa0 Uncommon trap: reason=class_check action=maybe_recompile pc=0x000000c8b7f60b34 method=org.gradle.internal.logging.sink.OutputEventTransformer.onOutput(Lorg/gradle/internal/logging/events/OutputEvent;)V @ 215 c2
Event: 56.556 Thread 0x000000c8d4044aa0 DEOPT PACKING pc=0x000000c8b7f60b34 sp=0x000000c8df0feb70
Event: 56.556 Thread 0x000000c8d4044aa0 DEOPT UNPACKING pc=0x000000c8b72d5ba3 sp=0x000000c8df0feb88 mode 2
Event: 56.649 Thread 0x000000c8d4044aa0 Uncommon trap: trap_request=0xffffffc6 fr.pc=0x000000c8b7f13ee4 relative=0x0000000000000124
Event: 56.649 Thread 0x000000c8d4044aa0 Uncommon trap: reason=bimorphic_or_optimized_type_check action=maybe_recompile pc=0x000000c8b7f13ee4 method=org.gradle.internal.logging.sink.OutputEventRenderer.onOutput(Lorg/gradle/internal/logging/events/OutputEvent;)V @ 1 c2
Event: 56.649 Thread 0x000000c8d4044aa0 DEOPT PACKING pc=0x000000c8b7f13ee4 sp=0x000000c8df0fec70
Event: 56.649 Thread 0x000000c8d4044aa0 DEOPT UNPACKING pc=0x000000c8b72d5ba3 sp=0x000000c8df0fec10 mode 2

Classes unloaded (0 events):
No events

Classes redefined (0 events):
No events

Internal exceptions (20 events):
Event: 44.243 Thread 0x000000c8ceb72ad0 Exception <a 'java/lang/ClassNotFoundException'{0x000000070b03a440}: java/util/AbstractSetCustomizer> (0x000000070b03a440) 
thrown [s\open\src\hotspot\share\classfile\systemDictionary.cpp, line 256]
Event: 44.244 Thread 0x000000c8ceb72ad0 Exception <a 'java/lang/ClassNotFoundException'{0x000000070b044360}: java/util/TreeSetCustomizer> (0x000000070b044360) 
thrown [s\open\src\hotspot\share\classfile\systemDictionary.cpp, line 256]
Event: 44.249 Thread 0x000000c8ceb72ad0 Exception <a 'java/lang/ClassNotFoundException'{0x000000070b076898}: org/gradle/internal/os/OperatingSystemBeanInfo> (0x000000070b076898) 
thrown [s\open\src\hotspot\share\classfile\systemDictionary.cpp, line 256]
Event: 44.251 Thread 0x000000c8ceb72ad0 Exception <a 'java/lang/ClassNotFoundException'{0x000000070b081008}: org/gradle/internal/os/OperatingSystemCustomizer> (0x000000070b081008) 
thrown [s\open\src\hotspot\share\classfile\systemDictionary.cpp, line 256]
Event: 44.255 Thread 0x000000c8ceb72ad0 Exception <a 'java/lang/ClassNotFoundException'{0x000000070b0b3790}: org/gradle/internal/os/OperatingSystem$WindowsBeanInfo> (0x000000070b0b3790) 
thrown [s\open\src\hotspot\share\classfile\systemDictionary.cpp, line 256]
Event: 44.256 Thread 0x000000c8ceb72ad0 Exception <a 'java/lang/ClassNotFoundException'{0x000000070b0bdff8}: org/gradle/internal/os/OperatingSystem$WindowsCustomizer> (0x000000070b0bdff8) 
thrown [s\open\src\hotspot\share\classfile\systemDictionary.cpp, line 256]
Event: 44.292 Thread 0x000000c8ceb72ad0 Exception <a 'java/lang/ClassNotFoundException'{0x000000070b1dfb00}: org/gradle/process/internal/DefaultExecAction_DecoratedBeanInfo> (0x000000070b1dfb00) 
thrown [s\open\src\hotspot\share\classfile\systemDictionary.cpp, line 256]
Event: 44.293 Thread 0x000000c8ceb72ad0 Exception <a 'java/lang/ClassNotFoundException'{0x000000070b1ec718}: org/gradle/process/internal/DefaultExecActionBeanInfo> (0x000000070b1ec718) 
thrown [s\open\src\hotspot\share\classfile\systemDictionary.cpp, line 256]
Event: 44.294 Thread 0x000000c8ceb72ad0 Exception <a 'java/lang/ClassNotFoundException'{0x000000070b1f9418}: org/gradle/process/internal/DefaultExecHandleBuilderBeanInfo> (0x000000070b1f9418) 
thrown [s\open\src\hotspot\share\classfile\systemDictionary.cpp, line 256]
Event: 44.295 Thread 0x000000c8ceb72ad0 Exception <a 'java/lang/ClassNotFoundException'{0x000000070ae069a0}: org/gradle/process/internal/AbstractExecHandleBuilderBeanInfo> (0x000000070ae069a0) 
thrown [s\open\src\hotspot\share\classfile\systemDictionary.cpp, line 256]
Event: 44.296 Thread 0x000000c8ceb72ad0 Exception <a 'java/lang/ClassNotFoundException'{0x000000070ae13950}: org/gradle/process/internal/DefaultProcessForkOptionsBeanInfo> (0x000000070ae13950) 
thrown [s\open\src\hotspot\share\classfile\systemDictionary.cpp, line 256]
Event: 44.297 Thread 0x000000c8ceb72ad0 Exception <a 'java/lang/ClassNotFoundException'{0x000000070ae20950}: org/gradle/process/internal/DefaultProcessForkOptionsCustomizer> (0x000000070ae20950) 
thrown [s\open\src\hotspot\share\classfile\systemDictionary.cpp, line 256]
Event: 44.298 Thread 0x000000c8ceb72ad0 Exception <a 'java/lang/ClassNotFoundException'{0x000000070ae3b230}: org/gradle/process/internal/AbstractExecHandleBuilderCustomizer> (0x000000070ae3b230) 
thrown [s\open\src\hotspot\share\classfile\systemDictionary.cpp, line 256]
Event: 44.301 Thread 0x000000c8ceb72ad0 Exception <a 'java/lang/ClassNotFoundException'{0x000000070ae5a9e0}: org/gradle/process/internal/DefaultExecHandleBuilderCustomizer> (0x000000070ae5a9e0) 
thrown [s\open\src\hotspot\share\classfile\systemDictionary.cpp, line 256]
Event: 44.303 Thread 0x000000c8ceb72ad0 Exception <a 'java/lang/ClassNotFoundException'{0x000000070ae959f0}: org/gradle/process/internal/DefaultExecActionCustomizer> (0x000000070ae959f0) 
thrown [s\open\src\hotspot\share\classfile\systemDictionary.cpp, line 256]
Event: 44.304 Thread 0x000000c8ceb72ad0 Exception <a 'java/lang/ClassNotFoundException'{0x000000070aeab780}: org/gradle/process/internal/DefaultExecAction_DecoratedCustomizer> (0x000000070aeab780) 
thrown [s\open\src\hotspot\share\classfile\systemDictionary.cpp, line 256]
Event: 45.071 Thread 0x000000c8d403fda0 Exception <a 'java/lang/NoSuchMethodError'{0x000000070ac0ff40}: 'void java.lang.invoke.DirectMethodHandle$Holder.invokeStatic(java.lang.Object, long)'> (0x000000070ac0ff40) 
thrown [s\open\src\hotspot\share\interpreter\linkResolver.cpp, line 759]
Event: 45.072 Thread 0x000000c8d403fda0 Exception <a 'java/lang/NoSuchMethodError'{0x000000070ac15538}: 'java.lang.Object java.lang.invoke.DirectMethodHandle$Holder.newInvokeSpecial(java.lang.Object, long)'> (0x000000070ac15538) 
thrown [s\open\src\hotspot\share\interpreter\linkResolver.cpp, line 759]
Event: 45.074 Thread 0x000000c8d403fda0 Exception <a 'java/lang/NoSuchMethodError'{0x000000070ac1ead8}: 'java.lang.Object java.lang.invoke.DirectMethodHandle$Holder.invokeStatic(java.lang.Object, java.lang.Object, long, java.lang.Object)'> (0x000000070ac1ead8) 
thrown [s\open\src\hotspot\share\interpreter\linkResolver.cpp, line 759]
Event: 45.074 Thread 0x000000c8d403fda0 Exception <a 'java/lang/NoSuchMethodError'{0x000000070ac29e38}: 'java.lang.Object java.lang.invoke.DirectMethodHandle$Holder.invokeStaticInit(java.lang.Object, java.lang.Object, long, java.lang.Object)'> (0x000000070ac29e38) 
thrown [s\open\src\hotspot\share\interpreter\linkResolver.cpp, line 759]

VM Operations (20 events):
Event: 44.960 Executing VM operation: Cleanup
Event: 44.960 Executing VM operation: Cleanup done
Event: 45.078 Executing VM operation: HandshakeAllThreads
Event: 45.078 Executing VM operation: HandshakeAllThreads done
Event: 46.089 Executing VM operation: Cleanup
Event: 46.089 Executing VM operation: Cleanup done
Event: 47.093 Executing VM operation: Cleanup
Event: 47.093 Executing VM operation: Cleanup done
Event: 50.116 Executing VM operation: Cleanup
Event: 50.116 Executing VM operation: Cleanup done
Event: 54.159 Executing VM operation: Cleanup
Event: 54.159 Executing VM operation: Cleanup done
Event: 57.191 Executing VM operation: Cleanup
Event: 57.192 Executing VM operation: Cleanup done
Event: 60.226 Executing VM operation: Cleanup
Event: 60.226 Executing VM operation: Cleanup done
Event: 69.306 Executing VM operation: Cleanup
Event: 69.307 Executing VM operation: Cleanup done
Event: 72.324 Executing VM operation: Cleanup
Event: 72.324 Executing VM operation: Cleanup done

Events (20 events):
Event: 44.328 Thread 0x000000c8d403fda0 Thread added: 0x000000c8d403fda0
Event: 44.337 loading class java/lang/ProcessImpl
Event: 44.339 loading class java/lang/ProcessImpl done
Event: 44.342 loading class java/lang/StackTraceElement$HashedModules
Event: 44.342 loading class java/lang/StackTraceElement$HashedModules done
Event: 45.072 loading class java/lang/ProcessHandleImpl
Event: 45.073 loading class java/lang/ProcessHandleImpl done
Event: 45.074 loading class java/lang/ProcessImpl$2
Event: 45.074 loading class java/lang/ProcessImpl$2 done
Event: 45.076 loading class java/lang/Process$PipeInputStream
Event: 45.077 loading class java/lang/Process$PipeInputStream done
Event: 45.078 loading class jdk/internal/event/ProcessStartEvent
Event: 45.082 loading class jdk/internal/event/ProcessStartEvent done
Event: 45.085 Thread 0x000000c8d4044f70 Thread added: 0x000000c8d4044f70
Event: 45.085 Thread 0x000000c8d4044aa0 Thread added: 0x000000c8d4044aa0
Event: 45.874 Thread 0x000000c8cf0cdec0 Thread exited: 0x000000c8cf0cdec0
Event: 46.141 Thread 0x000000c8cf0d0740 Thread exited: 0x000000c8cf0d0740
Event: 50.781 Thread 0x000000c8d4045440 Thread added: 0x000000c8d4045440
Event: 66.517 Thread 0x000000c8cbf1b010 Thread exited: 0x000000c8cbf1b010
Event: 71.767 Thread 0x000000c8cf0ce3d0 Thread added: 0x000000c8cf0ce3d0


Dynamic libraries:
0x00007ff670bf0000 - 0x00007ff670c00000 	C:\Program Files\Java\jdk-17\bin\java.exe
0x00007ff96fa80000 - 0x00007ff96fce1000 	C:\WINDOWS\SYSTEM32\ntdll.dll
0x00007ff96eeb0000 - 0x00007ff96ef78000 	C:\WINDOWS\System32\KERNEL32.DLL
0x00007ff96d3e0000 - 0x00007ff96d789000 	C:\WINDOWS\System32\KERNELBASE.dll
0x00007ff96d790000 - 0x00007ff96d8de000 	C:\WINDOWS\System32\ucrtbase.dll
0x00007ff950710000 - 0x00007ff95072b000 	C:\Program Files\Java\jdk-17\bin\VCRUNTIME140.dll
0x00007ff9459f0000 - 0x00007ff945a09000 	C:\Program Files\Java\jdk-17\bin\jli.dll
0x00007ff96e100000 - 0x00007ff96e1b2000 	C:\WINDOWS\System32\ADVAPI32.dll
0x00007ff96ef90000 - 0x00007ff96f039000 	C:\WINDOWS\System32\msvcrt.dll
0x00007ff96f590000 - 0x00007ff96f637000 	C:\WINDOWS\System32\sechost.dll
0x00007ff96f1f0000 - 0x00007ff96f30a000 	C:\WINDOWS\System32\RPCRT4.dll
0x00007ff96eb40000 - 0x00007ff96ed04000 	C:\WINDOWS\System32\USER32.dll
0x00007ff96d190000 - 0x00007ff96d1b7000 	C:\WINDOWS\System32\win32u.dll
0x00007ff96e380000 - 0x00007ff96e3b3000 	C:\WINDOWS\System32\GDI32.dll
0x00007ff96ce80000 - 0x00007ff96cf9b000 	C:\WINDOWS\System32\gdi32full.dll
0x00007ff94f5c0000 - 0x00007ff94f851000 	C:\WINDOWS\WinSxS\amd64_microsoft.windows.common-controls_6595b64144ccf1df_6.0.27695.1000_none_111eef8ef4318350\COMCTL32.dll
0x00007ff96d020000 - 0x00007ff96d0c3000 	C:\WINDOWS\System32\msvcp_win.dll
0x00007ff962050000 - 0x00007ff96205b000 	C:\WINDOWS\SYSTEM32\VERSION.dll
0x00007ff96f130000 - 0x00007ff96f15f000 	C:\WINDOWS\System32\IMM32.DLL
0x000000006a8d0000 - 0x000000006a8dc000 	C:\Program Files (x86)\360\Total Security\safemon\SafeWrapper.dll
0x00007ff909890000 - 0x00007ff90993c000 	C:\Program Files (x86)\360\Total Security\safemon\libzdtp64.dll
0x00007ff96e440000 - 0x00007ff96eb32000 	C:\WINDOWS\System32\SHELL32.dll
0x00007ff96f310000 - 0x00007ff96f36d000 	C:\WINDOWS\System32\SHLWAPI.dll
0x00007ff9506a0000 - 0x00007ff9506ac000 	C:\Program Files\Java\jdk-17\bin\vcruntime140_1.dll
0x00007ff9457b0000 - 0x00007ff94583e000 	C:\Program Files\Java\jdk-17\bin\msvcp140.dll
0x00007ff8c4150000 - 0x00007ff8c4d2d000 	C:\Program Files\Java\jdk-17\bin\server\jvm.dll
0x00007ff96fa30000 - 0x00007ff96fa38000 	C:\WINDOWS\System32\PSAPI.DLL
0x00007ff9506b0000 - 0x00007ff9506ba000 	C:\WINDOWS\SYSTEM32\WSOCK32.dll
0x00007ff96f170000 - 0x00007ff96f1e4000 	C:\WINDOWS\System32\WS2_32.dll
0x00007ff95f6c0000 - 0x00007ff95f6f6000 	C:\WINDOWS\SYSTEM32\WINMM.dll
0x00007ff96bcd0000 - 0x00007ff96bcea000 	C:\WINDOWS\SYSTEM32\kernel.appcore.dll
0x00007ff9459e0000 - 0x00007ff9459ea000 	C:\Program Files\Java\jdk-17\bin\jimage.dll
0x00007ff96a670000 - 0x00007ff96a8cc000 	C:\WINDOWS\SYSTEM32\DBGHELP.DLL
0x00007ff96d8f0000 - 0x00007ff96dc6d000 	C:\WINDOWS\System32\combase.dll
0x00007ff96e220000 - 0x00007ff96e2f6000 	C:\WINDOWS\System32\OLEAUT32.dll
0x00007ff946240000 - 0x00007ff946279000 	C:\WINDOWS\SYSTEM32\dbgcore.DLL
0x00007ff96d340000 - 0x00007ff96d3d7000 	C:\WINDOWS\System32\bcryptPrimitives.dll
0x00007ff9459d0000 - 0x00007ff9459de000 	C:\Program Files\Java\jdk-17\bin\instrument.dll
0x00007ff945780000 - 0x00007ff9457a5000 	C:\Program Files\Java\jdk-17\bin\java.dll
0x00007ff8e0440000 - 0x00007ff8e0517000 	C:\Program Files\Java\jdk-17\bin\jsvml.dll
0x00007ff96ac30000 - 0x00007ff96b455000 	C:\WINDOWS\SYSTEM32\windows.storage.dll
0x00007ff96f6d0000 - 0x00007ff96f7a3000 	C:\WINDOWS\System32\SHCORE.dll
0x00007ff96cd30000 - 0x00007ff96cd59000 	C:\WINDOWS\SYSTEM32\profapi.dll
0x00007ff9459b0000 - 0x00007ff9459c8000 	C:\Program Files\Java\jdk-17\bin\zip.dll
0x00007ff945760000 - 0x00007ff945779000 	C:\Program Files\Java\jdk-17\bin\net.dll
0x00007ff9628a0000 - 0x00007ff9629c0000 	C:\WINDOWS\SYSTEM32\WINHTTP.dll
0x00007ff96ce10000 - 0x00007ff96ce78000 	C:\WINDOWS\System32\mswsock.dll
0x00007ff945740000 - 0x00007ff945756000 	C:\Program Files\Java\jdk-17\bin\nio.dll
0x00007ff945730000 - 0x00007ff945740000 	C:\Program Files\Java\jdk-17\bin\verify.dll
0x00007ff945a10000 - 0x00007ff945a37000 	C:\Users\hp\.gradle\native\68d5fa5c4cc2d200863cafc0d521ce42e7d3e7ee720ec0a83991735586a16f82\windows-amd64\native-platform.dll
0x00007ff8e0160000 - 0x00007ff8e02a4000 	C:\Users\hp\.gradle\native\e376f236ea51e6404a007f0833ffe2c6e607c4080706a723a18a27aeea778392\windows-amd64\native-platform-file-events.dll
0x00007ff945720000 - 0x00007ff94572a000 	C:\Program Files\Java\jdk-17\bin\management.dll
0x00007ff945710000 - 0x00007ff94571b000 	C:\Program Files\Java\jdk-17\bin\management_ext.dll
0x00007ff96c3e0000 - 0x00007ff96c3fc000 	C:\WINDOWS\SYSTEM32\CRYPTSP.dll
0x00007ff96bc30000 - 0x00007ff96bc67000 	C:\WINDOWS\system32\rsaenh.dll
0x00007ff96c1f0000 - 0x00007ff96c21b000 	C:\WINDOWS\SYSTEM32\USERENV.dll
0x00007ff96c640000 - 0x00007ff96c666000 	C:\WINDOWS\SYSTEM32\bcrypt.dll
0x00007ff96c400000 - 0x00007ff96c40c000 	C:\WINDOWS\SYSTEM32\CRYPTBASE.dll
0x00007ff96b780000 - 0x00007ff96b7b2000 	C:\WINDOWS\SYSTEM32\IPHLPAPI.DLL
0x00007ff96e1c0000 - 0x00007ff96e1ca000 	C:\WINDOWS\System32\NSI.dll
0x00007ff965c30000 - 0x00007ff965c4f000 	C:\WINDOWS\SYSTEM32\dhcpcsvc6.DLL
0x00007ff965b50000 - 0x00007ff965b75000 	C:\WINDOWS\SYSTEM32\dhcpcsvc.DLL
0x00007ff96b850000 - 0x00007ff96b970000 	C:\WINDOWS\SYSTEM32\DNSAPI.dll
0x00007ff945700000 - 0x00007ff94570d000 	C:\Program Files\Java\jdk-17\bin\sunmscapi.dll
0x00007ff96d1c0000 - 0x00007ff96d336000 	C:\WINDOWS\System32\CRYPT32.dll
0x00007ff96c600000 - 0x00007ff96c630000 	C:\WINDOWS\SYSTEM32\ncrypt.dll
0x00007ff96c5b0000 - 0x00007ff96c5ef000 	C:\WINDOWS\SYSTEM32\NTASN1.dll
0x00007ff935070000 - 0x00007ff935078000 	C:\WINDOWS\system32\wshunix.dll
0x00007ff96a360000 - 0x00007ff96a396000 	C:\WINDOWS\SYSTEM32\ntmarta.dll
0x00007ff940390000 - 0x00007ff9403a8000 	C:\WINDOWS\system32\napinsp.dll
0x00007ff940370000 - 0x00007ff940382000 	C:\WINDOWS\System32\winrnr.dll
0x00007ff940340000 - 0x00007ff940362000 	C:\WINDOWS\system32\nlansp_c.dll
0x00007ff961730000 - 0x00007ff961746000 	C:\WINDOWS\system32\wshbth.dll
0x00007ff962060000 - 0x00007ff96206b000 	C:\Windows\System32\rasadhlp.dll
0x00007ff965ff0000 - 0x00007ff966076000 	C:\WINDOWS\System32\fwpuclnt.dll

dbghelp: loaded successfully - version: 4.0.5 - missing functions: none
symbol engine: initialized successfully - sym options: 0x614 - pdb path: .;C:\Program Files\Java\jdk-17\bin;C:\WINDOWS\SYSTEM32;C:\WINDOWS\WinSxS\amd64_microsoft.windows.common-controls_6595b64144ccf1df_6.0.27695.1000_none_111eef8ef4318350;C:\Program Files (x86)\360\Total Security\safemon;C:\Program Files\Java\jdk-17\bin\server;C:\Users\hp\.gradle\native\68d5fa5c4cc2d200863cafc0d521ce42e7d3e7ee720ec0a83991735586a16f82\windows-amd64;C:\Users\hp\.gradle\native\e376f236ea51e6404a007f0833ffe2c6e607c4080706a723a18a27aeea778392\windows-amd64

VM Arguments:
jvm_args: -XX:MaxMetaspaceSize=2G -XX:+HeapDumpOnOutOfMemoryError --add-opens=java.base/java.util=ALL-UNNAMED --add-opens=java.base/java.lang=ALL-UNNAMED --add-opens=java.base/java.lang.invoke=ALL-UNNAMED --add-opens=java.prefs/java.util.prefs=ALL-UNNAMED --add-opens=java.base/java.nio.charset=ALL-UNNAMED --add-opens=java.base/java.net=ALL-UNNAMED --add-opens=java.base/java.util.concurrent.atomic=ALL-UNNAMED -Xmx4G -Dfile.encoding=utf8 -Duser.country=IN -Duser.language=en -Duser.variant -javaagent:C:\Users\hp\.gradle\wrapper\dists\gradle-8.3-all\6en3ugtfdg5xnpx44z4qbwgas\gradle-8.3\lib\agents\gradle-instrumentation-agent-8.3.jar 
java_command: org.gradle.launcher.daemon.bootstrap.GradleDaemon 8.3
java_class_path (initial): C:\Users\hp\.gradle\wrapper\dists\gradle-8.3-all\6en3ugtfdg5xnpx44z4qbwgas\gradle-8.3\lib\gradle-launcher-8.3.jar
Launcher Type: SUN_STANDARD

[Global flags]
     intx CICompilerCount                          = 4                                         {product} {ergonomic}
     uint ConcGCThreads                            = 2                                         {product} {ergonomic}
     uint G1ConcRefinementThreads                  = 8                                         {product} {ergonomic}
   size_t G1HeapRegionSize                         = 2097152                                   {product} {ergonomic}
    uintx GCDrainStackTargetSize                   = 64                                        {product} {ergonomic}
     bool HeapDumpOnOutOfMemoryError               = true                                   {manageable} {command line}
   size_t InitialHeapSize                          = 130023424                                 {product} {ergonomic}
   size_t MarkStackSize                            = 4194304                                   {product} {ergonomic}
   size_t MaxHeapSize                              = 4294967296                                {product} {command line}
   size_t MaxMetaspaceSize                         = 2147483648                                {product} {command line}
   size_t MaxNewSize                               = 2575302656                                {product} {ergonomic}
   size_t MinHeapDeltaBytes                        = 2097152                                   {product} {ergonomic}
   size_t MinHeapSize                              = 8388608                                   {product} {ergonomic}
    uintx NonNMethodCodeHeapSize                   = 5839372                                {pd product} {ergonomic}
    uintx NonProfiledCodeHeapSize                  = 122909434                              {pd product} {ergonomic}
    uintx ProfiledCodeHeapSize                     = 122909434                              {pd product} {ergonomic}
    uintx ReservedCodeCacheSize                    = 251658240                              {pd product} {ergonomic}
     bool SegmentedCodeCache                       = true                                      {product} {ergonomic}
   size_t SoftMaxHeapSize                          = 4294967296                             {manageable} {ergonomic}
     bool UseCompressedClassPointers               = true                           {product lp64_product} {ergonomic}
     bool UseCompressedOops                        = true                           {product lp64_product} {ergonomic}
     bool UseG1GC                                  = true                                      {product} {ergonomic}
     bool UseLargePagesIndividualAllocation        = false                                  {pd product} {ergonomic}

Logging:
Log output configuration:
 #0: stdout all=warning uptime,level,tags
 #1: stderr all=off uptime,level,tags

Environment Variables:
PATH=C:\Program Files\Common Files\Oracle\Java\javapath;C:\Program Files (x86)\Common Files\Oracle\Java\javapath;C:\WINDOWS\system32;C:\WINDOWS;C:\WINDOWS\System32\Wbem;C:\WINDOWS\System32\WindowsPowerShell\v1.0\;C:\WINDOWS\System32\OpenSSH\;C:\Windows\System32;C:\Program Files\MySQL\MySQL Server 8.0\bin;C:\Program Files\nodejs\;C:\Program Files\nodejs;C:\Program Files\Git;C:\Program Files\Android\Android Studio\bin;C:\Program Files\Git\bin;C:\Program Files\MySQL\MySQL Shell 8.0\bin\;C:\Users\hp\AppData\Local\Programs\Python\Python311\Scripts\;C:\Users\hp\AppData\Local\Programs\Python\Python311\;C:\Users\hp\AppData\Local\Microsoft\WindowsApps;C:\Users\hp\AppData\Local\Programs\Microsoft VS Code\bin;C:\MinGW\bin;C:\Program Files\JetBrains\IntelliJ IDEA Community Edition 2023.2.1\bin;;C:\Users\hp\AppData\Roaming\npm;C:\Users\hp\Downloads\flutter_windows_3.24.2-stable\flutter\bin;C:\Program Files\Android\Android Studio\bin;C:\dart-sdk\bin;C:\Program Files\Git\bin;
USERNAME=hp
OS=Windows_NT
PROCESSOR_IDENTIFIER=Intel64 Family 6 Model 140 Stepping 2, GenuineIntel



---------------  S Y S T E M  ---------------

OS:
 Windows 11 , 64 bit Build 27695 (10.0.27695.1000)
OS uptime: 0 days 11:31 hours
Hyper-V role detected

CPU: total 8 (initial active 8) (4 cores per cpu, 2 threads per core) family 6 model 140 stepping 2 microcode 0x34, cx8, cmov, fxsr, ht, mmx, 3dnowpref, sse, sse2, sse3, ssse3, sse4.1, sse4.2, popcnt, lzcnt, tsc, tscinvbit, avx, avx2, aes, erms, clmul, bmi1, bmi2, adx, avx512f, avx512dq, avx512cd, avx512bw, avx512vl, sha, fma, vzeroupper, avx512_vpopcntdq, avx512_vpclmulqdq, avx512_vaes, avx512_vnni, clflush, clflushopt, clwb, avx512_vbmi2, avx512_vbmi, hv

Memory: 4k page, system-wide physical 7834M (561M free)
TotalPageFile size 20334M (AvailPageFile size 228M)
current process WorkingSet (physical memory assigned to process): 85M, peak: 460M
current process commit charge ("private bytes"): 534M, peak: 558M

vm_info: Java HotSpot(TM) 64-Bit Server VM (17.0.7+8-LTS-224) for windows-amd64 JRE (17.0.7+8-LTS-224), built on Feb 28 2023 23:03:02 by "mach5one" with MS VC++ 17.1 (VS2022)

END.
